<?xml version="1.0" encoding="utf-8"?><testsuites><testsuite name="pytest" errors="0" failures="0" skipped="0" tests="7" time="56.442" timestamp="2021-08-17T09:39:36.032427" hostname="sim-hankdeMacBook-Pro.local"><testcase classname="test_case.test_005_run_record_case.TestRunRecordCase" name="test_search_by_time" time="15.536" /><testcase classname="test_case.test_005_run_record_case.TestRunRecordCase" name="test_search[creator-adminaa]" time="9.492" /><testcase classname="test_case.test_005_run_record_case.TestRunRecordCase" name="test_search[job_name-mysql]" time="4.684" /><testcase classname="test_case.test_005_run_record_case.TestRunRecordCase" name="test_search[status-\u8fd0\u884c\u4e2d]" time="10.246" /><testcase classname="test_case.test_005_run_record_case.TestRunRecordCase" name="test_search[status-\u5931\u8d25]" time="5.496" /><testcase classname="test_case.test_005_run_record_case.TestRunRecordCase" name="test_search[status-\u6210\u529f]" time="5.418" /><testcase classname="test_case.test_005_run_record_case.TestRunRecordCase" name="test_search[job_id-35]" time="5.529" /></testsuite></testsuites>