<?xml version="1.0" encoding="utf-8"?><testsuites><testsuite name="pytest" errors="0" failures="0" skipped="2" tests="3" time="23.907" timestamp="2021-09-27T17:45:52.880478" hostname="sim-hankdeMacBook-Pro.local"><testcase classname="test_case.test_001_res_editor_case.TestResEditorCase" name="test_add[oracle]" time="23.770" /><testcase classname="test_case.test_001_res_editor_case.TestResEditorCase" name="test_add_res_name_exist" time="0.000"><skipped type="pytest.skip" message="unconditional skip">/Users/sim-hank/Documents/web_auto/datahub-web-auto/test_case/test_001_res_editor_case.py:215: unconditional skip</skipped></testcase><testcase classname="test_case.test_001_res_editor_case.TestResEditorCase" name="test_add_oracle" time="0.091"><skipped type="pytest.skip" message="unconditional skip">/Users/sim-hank/Documents/web_auto/datahub-web-auto/test_case/test_001_res_editor_case.py:228: unconditional skip</skipped></testcase></testsuite></testsuites>