<?xml version="1.0" encoding="utf-8"?><testsuites><testsuite name="pytest" errors="0" failures="0" skipped="0" tests="7" time="69.343" timestamp="2021-08-16T17:49:40.552377" hostname="sim-hankdeMacBook-Pro.local"><testcase classname="test_case.test_005_run_record_case.TestRunRecordCase" name="test_search_by_time" time="16.029" /><testcase classname="test_case.test_005_run_record_case.TestRunRecordCase" name="test_search[creator-adminaa]" time="8.289" /><testcase classname="test_case.test_005_run_record_case.TestRunRecordCase" name="test_search[job_name-mysql]" time="8.241" /><testcase classname="test_case.test_005_run_record_case.TestRunRecordCase" name="test_search[status-\u8fd0\u884c\u4e2d]" time="9.175" /><testcase classname="test_case.test_005_run_record_case.TestRunRecordCase" name="test_search[status-\u5931\u8d25]" time="9.154" /><testcase classname="test_case.test_005_run_record_case.TestRunRecordCase" name="test_search[status-\u6210\u529f]" time="9.127" /><testcase classname="test_case.test_005_run_record_case.TestRunRecordCase" name="test_search[job_id-35]" time="9.286" /></testsuite></testsuites>