<?xml version="1.0" encoding="utf-8"?><testsuites><testsuite name="pytest" errors="0" failures="1" skipped="0" tests="4" time="30.426" timestamp="2021-08-06T14:50:42.407688" hostname="sim-hankdeMacBook-Pro.local"><testcase classname="test_case.test_002_res_search_case.TestResSearchCase" name="test_search_by_res_name" time="8.920" /><testcase classname="test_case.test_002_res_search_case.TestResSearchCase" name="test_search_by_res_type[mysql]" time="6.425"><failure message="[XPASS(strict)] ">[XPASS(strict)] </failure></testcase><testcase classname="test_case.test_002_res_search_case.TestResSearchCase" name="test_delete_res_cancel" time="5.862" /><testcase classname="test_case.test_002_res_search_case.TestResSearchCase" name="test_delete_res_sure" time="8.897" /></testsuite></testsuites>